<?xml version="1.0" encoding="UTF-8"?>
<testsuite xmlns:xsi="http://www.w3.org/2001/XMLSchema-instance" xsi:noNamespaceSchemaLocation="https://maven.apache.org/surefire/maven-surefire-plugin/xsd/surefire-test-report-3.0.xsd" version="3.0" name="com.example.RunCucumberTest" time="10.153" tests="1" errors="0" skipped="0" failures="0">
  <properties>
[...]
</properties>
  <testcase name="Login to Bank Account" classname="Bank Testing" time="9.429">
    <system-out><![CDATA[
Scenario: Login to Bank Account                                                                                                                                                                                          &amp#27;[90m# com/example/Bank.feature:5&amp#27;[0m
  &amp#27;[32mGiven &amp#27;[0m&amp#27;[32mgo to &amp#27;[0m&amp#27;[32m&amp#27;[1m"https://parabank.parasoft.com/parabank/index.htm"&amp#27;[0m                                                                                                                                                         &amp#27;[90m# com.example.steps.LoginBankStep.go_to(java.lang.String)&amp#27;[0m
  &amp#27;[32mWhen &amp#27;[0m&amp#27;[32mClick the register button&amp#27;[0m                                                                                                                                                                                         &amp#27;[90m# com.example.steps.LoginBankStep.Click_the_register_button()&amp#27;[0m
  &amp#27;[32mAnd &amp#27;[0m&amp#27;[32mSigning up with FirstName &amp#27;[0m&amp#27;[32m&amp#27;[1m"ABBASS"&amp#27;[0m&amp#27;[32m, LastName &amp#27;[0m&amp#27;[32m&amp#27;[1m"BAHAE"&amp#27;[0m&amp#27;[32m, Address &amp#27;[0m&amp#27;[32m&amp#27;[1m"25 rue de paris"&amp#27;[0m&amp#27;[32m, city &amp#27;[0m&amp#27;[32m&amp#27;[1m"clichy"&amp#27;[0m&amp#27;[32m, state &amp#27;[0m&amp#27;[32m&amp#27;[1m"ile-de-france"&amp#27;[0m&amp#27;[32m, zipcode &amp#27;[0m&amp#27;[32m&amp#27;[1m"92000"&amp#27;[0m&amp#27;[32m, phone &amp#27;[0m&amp#27;[32m&amp#27;[1m"0749654681"&amp#27;[0m&amp#27;[32m, SSN &amp#27;[0m&amp#27;[32m&amp#27;[1m"123456789"&amp#27;[0m&amp#27;[32m, Username &amp#27;[0m&amp#27;[32m&amp#27;[1m"bea27"&amp#27;[0m&amp#27;[32m, password &amp#27;[0m&amp#27;[32m&amp#27;[1m"acab1312"&amp#27;[0m &amp#27;[90m# com.example.steps.LoginBankStep.Signing_up_with_FirstName_LastName_Address_city_state_zipcode_phone_SSN_Username_password(java.lang.String,java.lang.String,java.lang.String,java.lang.String,java.lang.String,java.lang.String,java.lang.String,java.lang.String,java.lang.String,java.lang.String)&amp#27;[0m
  &amp#27;[32mAnd &amp#27;[0m&amp#27;[32mClick submit register&amp#27;[0m                                                                                                                                                                                              &amp#27;[90m# com.example.steps.LoginBankStep.submit_register()&amp#27;[0m
  &amp#27;[32mAnd &amp#27;[0m&amp#27;[32mVerify the welcome message&amp#27;[0m                                                                                                                                                                                         &amp#27;[90m# com.example.steps.LoginBankStep.verify_the_welcome_message()&amp#27;[0m
  &amp#27;[32mAnd &amp#27;[0m&amp#27;[32mClick LogOut&amp#27;[0m                                                                                                                                                                                                       &amp#27;[90m# com.example.steps.LoginBankStep.Click_LogOut()&amp#27;[0m
  &amp#27;[32mAnd &amp#27;[0m&amp#27;[32mVerify title login &amp#27;[0m&amp#27;[32m&amp#27;[1m"Customer Login"&amp#27;[0m                                                                                                                                                                                &amp#27;[90m# com.example.steps.LoginBankStep.verify_title(java.lang.String)&amp#27;[0m
  &amp#27;[32mAnd &amp#27;[0m&amp#27;[32mEnter Username &amp#27;[0m&amp#27;[32m&amp#27;[1m"bea27"&amp#27;[0m&amp#27;[32m and password &amp#27;[0m&amp#27;[32m&amp#27;[1m"acab1312"&amp#27;[0m                                                                                                                                                                     &amp#27;[90m# com.example.steps.LoginBankStep.Enter_Username_and_password(java.lang.String,java.lang.String)&amp#27;[0m
  &amp#27;[32mThen &amp#27;[0m&amp#27;[32mVerify title &amp#27;[0m&amp#27;[32m&amp#27;[1m"Accounts Overview"&amp#27;[0m                                                                                                                                                                                  &amp#27;[90m# com.example.steps.LoginBankStep.Verify_title(java.lang.String)&amp#27;[0m
]]></system-out>
    <system-err><![CDATA[sept. 15, 2026 2:59:26 PM org.openqa.selenium.devtools.CdpVersionFinder findNearestMatch
WARNING: Unable to find CDP implementation matching 153
sept. 15, 2026 2:59:27 PM org.openqa.selenium.chromium.ChromiumDriver lambda$new$4
WARNING: Unable to find version of CDP to use for 153.0.8010.36. You may need to include a dependency on a specific version of the CDP using something similar to `org.seleniumhq.selenium:selenium-devtools-v86:4.33.0` where the version ("v86") matches the version of the chromium-based browser you're using and the version number of the artifact is the same as Selenium's.
]]></system-err>
  </testcase>
</testsuite>